0 info it worked if it ends with ok
1 verbose cli [ '/Users/Stefan/.nvm/versions/node/v6.4.0/bin/node',
1 verbose cli   '/Users/Stefan/.nvm/versions/node/v6.4.0/bin/npm',
1 verbose cli   'start' ]
2 info using npm@3.10.3
3 info using node@v6.4.0
4 verbose run-script [ 'prestart', 'start', 'poststart' ]
5 info lifecycle xPlatformIosDemoApp@0.0.1~prestart: xPlatformIosDemoApp@0.0.1
6 silly lifecycle xPlatformIosDemoApp@0.0.1~prestart: no script for prestart, continuing
7 info lifecycle xPlatformIosDemoApp@0.0.1~start: xPlatformIosDemoApp@0.0.1
8 verbose lifecycle xPlatformIosDemoApp@0.0.1~start: unsafe-perm in lifecycle true
9 verbose lifecycle xPlatformIosDemoApp@0.0.1~start: PATH: /Users/Stefan/.nvm/versions/node/v6.4.0/lib/node_modules/npm/bin/node-gyp-bin:/Users/Stefan/Development/IMS/3_Semester/PA/iOS-Apps-on-macOS/ionic_electron/xPlatformIosDemoApp/node_modules/.bin:/Users/Stefan/.nvm/versions/node/v6.4.0/bin:/Users/Stefan/.nvm/versions/node/v6.4.0/bin:/usr/local/bin:/usr/bin:/bin:/usr/sbin:/sbin:/Applications/VMware Fusion.app/Contents/Public:/Library/TeX/texbin:/Users/Stefan/Library/Android/sdk/platform-tools/:/Applications/CLion.app/Contents/MacOS/:/Users/Stefan/Downloads/Visual Studio Code.app/Contents/Resources/app/bin:/Users/Stefan/.npm/bin:/usr/local/bin/npm:/Users/Stefan/.npm-packages/bin
10 verbose lifecycle xPlatformIosDemoApp@0.0.1~start: CWD: /Users/Stefan/Development/IMS/3_Semester/PA/iOS-Apps-on-macOS/ionic_electron/xPlatformIosDemoApp
11 silly lifecycle xPlatformIosDemoApp@0.0.1~start: Args: [ '-c', 'ng serve' ]
12 silly lifecycle xPlatformIosDemoApp@0.0.1~start: Returned: code: 3  signal: null
13 info lifecycle xPlatformIosDemoApp@0.0.1~start: Failed to exec start script
14 verbose stack Error: xPlatformIosDemoApp@0.0.1 start: `ng serve`
14 verbose stack Exit status 3
14 verbose stack     at EventEmitter.<anonymous> (/Users/Stefan/.nvm/versions/node/v6.4.0/lib/node_modules/npm/lib/utils/lifecycle.js:242:16)
14 verbose stack     at emitTwo (events.js:106:13)
14 verbose stack     at EventEmitter.emit (events.js:191:7)
14 verbose stack     at ChildProcess.<anonymous> (/Users/Stefan/.nvm/versions/node/v6.4.0/lib/node_modules/npm/lib/utils/spawn.js:40:14)
14 verbose stack     at emitTwo (events.js:106:13)
14 verbose stack     at ChildProcess.emit (events.js:191:7)
14 verbose stack     at maybeClose (internal/child_process.js:852:16)
14 verbose stack     at Process.ChildProcess._handle.onexit (internal/child_process.js:215:5)
15 verbose pkgid xPlatformIosDemoApp@0.0.1
16 verbose cwd /Users/Stefan/Development/IMS/3_Semester/PA/iOS-Apps-on-macOS/ionic_electron/xPlatformIosDemoApp
17 error Darwin 18.6.0
18 error argv "/Users/Stefan/.nvm/versions/node/v6.4.0/bin/node" "/Users/Stefan/.nvm/versions/node/v6.4.0/bin/npm" "start"
19 error node v6.4.0
20 error npm  v3.10.3
21 error code ELIFECYCLE
22 error xPlatformIosDemoApp@0.0.1 start: `ng serve`
22 error Exit status 3
23 error Failed at the xPlatformIosDemoApp@0.0.1 start script 'ng serve'.
23 error Make sure you have the latest version of node.js and npm installed.
23 error If you do, this is most likely a problem with the xPlatformIosDemoApp package,
23 error not with npm itself.
23 error Tell the author that this fails on your system:
23 error     ng serve
23 error You can get information on how to open an issue for this project with:
23 error     npm bugs xPlatformIosDemoApp
23 error Or if that isn't available, you can get their info via:
23 error     npm owner ls xPlatformIosDemoApp
23 error There is likely additional logging output above.
24 verbose exit [ 1, true ]
